Command line:
   UControl_isim_beh.exe
     -simmode  gui
     -simrunnum  0
     -socket  49440

Fri Apr 08 16:47:08 2016


 Elaboration Time: 0.109201 sec

 Current Memory Usage: 506.171 Meg

 Total Signals          : 3
 Total Nets             : 14
 Total Signal Drivers   : 1
 Total Blocks           : 2
 Total Primitive Blocks : 2
 Total Processes        : 1
 Total Traceable Variables  : 8
 Total Scalar Nets and Variables : 374
Total Line Count : 11

 Total Simulation Time: 0.124801 sec

 Current Memory Usage: 506.171 Meg

Fri Apr 08 16:47:12 2016

