Release 14.7 - xst P.20131013 (nt64)
Copyright (c) 1995-2013 Xilinx, Inc.  All rights reserved.
--> Parameter TMPDIR set to xst/projnav.tmp


Total REAL time to Xst completion: 0.00 secs
Total CPU time to Xst completion: 0.09 secs
 
--> Parameter xsthdpdir set to xst


Total REAL time to Xst completion: 0.00 secs
Total CPU time to Xst completion: 0.09 secs
 
--> Reading design: PMonociclo1.prj

TABLE OF CONTENTS
  1) Synthesis Options Summary
  2) HDL Parsing
  3) HDL Elaboration
  4) HDL Synthesis
       4.1) HDL Synthesis Report
  5) Advanced HDL Synthesis
       5.1) Advanced HDL Synthesis Report
  6) Low Level Synthesis
  7) Partition Report
  8) Design Summary
       8.1) Primitive and Black Box Usage
       8.2) Device utilization summary
       8.3) Partition Resource Summary
       8.4) Timing Report
            8.4.1) Clock Information
            8.4.2) Asynchronous Control Signals Information
            8.4.3) Timing Summary
            8.4.4) Timing Details
            8.4.5) Cross Clock Domains Report


=========================================================================
*                      Synthesis Options Summary                        *
=========================================================================
---- Source Parameters
Input File Name                    : "PMonociclo1.prj"
Ignore Synthesis Constraint File   : NO

---- Target Parameters
Output File Name                   : "PMonociclo1"
Output Format                      : NGC
Target Device                      : xa7a100t-2I-csg324

---- Source Options
Top Module Name                    : PMonociclo1
Automatic FSM Extraction           : YES
FSM Encoding Algorithm             : Auto
Safe Implementation                : No
FSM Style                          : LUT
RAM Extraction                     : Yes
RAM Style                          : Auto
ROM Extraction                     : Yes
Shift Register Extraction          : YES
ROM Style                          : Auto
Resource Sharing                   : YES
Asynchronous To Synchronous        : NO
Shift Register Minimum Size        : 2
Use DSP Block                      : Auto
Automatic Register Balancing       : No

---- Target Options
LUT Combining                      : Auto
Reduce Control Sets                : Auto
Add IO Buffers                     : YES
Global Maximum Fanout              : 100000
Add Generic Clock Buffer(BUFG)     : 32
Register Duplication               : YES
Optimize Instantiated Primitives   : NO
Use Clock Enable                   : Auto
Use Synchronous Set                : Auto
Use Synchronous Reset              : Auto
Pack IO Registers into IOBs        : Auto
Equivalent register Removal        : YES

---- General Options
Optimization Goal                  : Speed
Optimization Effort                : 1
Power Reduction                    : NO
Keep Hierarchy                     : No
Netlist Hierarchy                  : As_Optimized
RTL Output                         : Yes
Global Optimization                : AllClockNets
Read Cores                         : YES
Write Timing Constraints           : NO
Cross Clock Analysis               : NO
Hierarchy Separator                : /
Bus Delimiter                      : <>
Case Specifier                     : Maintain
Slice Utilization Ratio            : 100
BRAM Utilization Ratio             : 100
DSP48 Utilization Ratio            : 100
Auto BRAM Packing                  : NO
Slice Utilization Ratio Delta      : 5

=========================================================================


=========================================================================
*                          HDL Parsing                                  *
=========================================================================
Parsing VHDL file "C:\Users\Dani\Documents\GitHub\Arquitectura\Procesador 1 vhd\UC.vhd" into library work
Parsing entity <UControl>.
Parsing architecture <Behavioral> of entity <ucontrol>.
Parsing VHDL file "C:\Users\Dani\Documents\GitHub\Arquitectura\Procesador 1 vhd\Sumador.vhd" into library work
Parsing entity <Sumador>.
Parsing architecture <Behavioral> of entity <sumador>.
Parsing VHDL file "C:\Users\Dani\Documents\GitHub\Arquitectura\Procesador 1 vhd\RegisterFile.vhd" into library work
Parsing entity <RegisterFile>.
Parsing architecture <Behavioral> of entity <registerfile>.
Parsing VHDL file "C:\Users\Dani\Documents\GitHub\Arquitectura\Procesador 1 vhd\PCounter.vhd" into library work
Parsing entity <PCounter>.
Parsing architecture <Behavioral> of entity <pcounter>.
Parsing VHDL file "C:\Users\Dani\Documents\GitHub\Arquitectura\Procesador 1 vhd\instructionMemory.vhd" into library work
Parsing entity <instructionMemory>.
Parsing architecture <arqInstructionMemory> of entity <instructionmemory>.
Parsing VHDL file "C:\Users\Dani\Documents\GitHub\Arquitectura\Procesador 1 vhd\ALU.vhd" into library work
Parsing entity <ALU>.
Parsing architecture <Behavioral> of entity <alu>.
Parsing VHDL file "C:\Users\Dani\Documents\GitHub\Arquitectura\Procesador 1 vhd\Procesador_Monociclo1\PMonociclo1.vhd" into library work
Parsing entity <PMonociclo1>.
Parsing architecture <Behavioral> of entity <pmonociclo1>.

=========================================================================
*                            HDL Elaboration                            *
=========================================================================

Elaborating entity <PMonociclo1> (architecture <Behavioral>) from library <work>.

Elaborating entity <PCounter> (architecture <Behavioral>) from library <work>.

Elaborating entity <Sumador> (architecture <Behavioral>) from library <work>.

Elaborating entity <instructionMemory> (architecture <arqInstructionMemory>) from library <work>.

Elaborating entity <RegisterFile> (architecture <Behavioral>) from library <work>.
WARNING:HDLCompiler:92 - "C:\Users\Dani\Documents\GitHub\Arquitectura\Procesador 1 vhd\RegisterFile.vhd" Line 40: ram should be on the sensitivity list of the process
WARNING:HDLCompiler:92 - "C:\Users\Dani\Documents\GitHub\Arquitectura\Procesador 1 vhd\RegisterFile.vhd" Line 41: ram should be on the sensitivity list of the process

Elaborating entity <UControl> (architecture <Behavioral>) from library <work>.
ERROR:HDLCompiler:1566 - "C:\Users\Dani\Documents\GitHub\Arquitectura\Procesador 1 vhd\Procesador_Monociclo1\PMonociclo1.vhd" Line 120: Expression has 32 elements ; formal crs1 expects 5
ERROR:HDLCompiler:1566 - "C:\Users\Dani\Documents\GitHub\Arquitectura\Procesador 1 vhd\Procesador_Monociclo1\PMonociclo1.vhd" Line 121: Expression has 32 elements ; formal crs2 expects 5
ERROR:HDLCompiler:1566 - "C:\Users\Dani\Documents\GitHub\Arquitectura\Procesador 1 vhd\Procesador_Monociclo1\PMonociclo1.vhd" Line 122: Expression has 32 elements ; formal alu_out expects 5
ERROR:HDLCompiler:432 - "C:\Users\Dani\Documents\GitHub\Arquitectura\Procesador 1 vhd\Procesador_Monociclo1\PMonociclo1.vhd" Line 59: Formal <crs1> has no actual or default value.
ERROR:HDLCompiler:432 - "C:\Users\Dani\Documents\GitHub\Arquitectura\Procesador 1 vhd\Procesador_Monociclo1\PMonociclo1.vhd" Line 60: Formal <crs2> has no actual or default value.

Elaborating entity <ALU> (architecture <Behavioral>) from library <work>.
Execution of entity alu failed
Netlist PMonociclo1(Behavioral) remains a blackbox, due to errors in its contents
--> 

Total memory usage is 246992 kilobytes

Number of errors   :    5 (   0 filtered)
Number of warnings :    2 (   0 filtered)
Number of infos    :    0 (   0 filtered)

