Running: C:\Xilinix\14.7\ISE_DS\ISE\bin\nt64\unwrapped\fuse.exe -intstyle ise -incremental -lib secureip -o F:/ProcesadorUno/arq_sumador/tb_Sumador_isim_beh.exe -prj F:/ProcesadorUno/arq_sumador/tb_Sumador_beh.prj work.tb_Sumador 
ISim P.20131013 (signature 0x7708f090)
Number of CPUs detected in this system: 4
Turning on mult-threading, number of parallel sub-compilation jobs: 8 
Determining compilation order of HDL files
Parsing VHDL file "F:/ProcesadorUno/arq_sumador/Sumador.vhd" into library work
Parsing VHDL file "F:/ProcesadorUno/arq_sumador/tb_Sumador.vhd" into library work
Starting static elaboration
Completed static elaboration
Compiling package standard
Compiling package std_logic_1164
Compiling package std_logic_arith
Compiling package std_logic_unsigned
Compiling architecture behavioral of entity Sumador [sumador_default]
Compiling architecture behavior of entity tb_sumador
Time Resolution for simulation is 1ps.
Waiting for 1 sub-compilation(s) to finish...
Compiled 7 VHDL Units
Built simulation executable F:/ProcesadorUno/arq_sumador/tb_Sumador_isim_beh.exe
Fuse Memory Usage: 32120 KB
Fuse CPU Usage: 577 ms
