Command line:
   tb_PCounter_isim_beh.exe
     -simmode  gui
     -simrunnum  0
     -socket  58062

Fri Apr 01 16:57:32 2016


 Elaboration Time: 0.0312 sec

 Current Memory Usage: 675.578 Meg

 Total Signals          : 8
 Total Nets             : 66
 Total Signal Drivers   : 4
 Total Blocks           : 3
 Total Primitive Blocks : 2
 Total Processes        : 3
 Total Traceable Variables  : 9
 Total Scalar Nets and Variables : 427
Total Line Count : 18

 Total Simulation Time: 0.0624 sec

 Current Memory Usage: 834.175 Meg

Fri Apr 01 16:59:27 2016

