Running: C:\Xilinx\14.7\ISE_DS\ISE\bin\nt\unwrapped\fuse.exe -intstyle ise -incremental -lib secureip -o C:/Users/utp.CRIE/Desktop/ProcesadorUno/arq_PCounter/tb_PCounter_isim_beh.exe -prj C:/Users/utp.CRIE/Desktop/ProcesadorUno/arq_PCounter/tb_PCounter_beh.prj work.tb_PCounter 
ISim P.20131013 (signature 0x8ef4fb42)
Number of CPUs detected in this system: 4
Turning on mult-threading, number of parallel sub-compilation jobs: 8 
Determining compilation order of HDL files
Parsing VHDL file "C:/Users/utp.CRIE/Desktop/ProcesadorUno/arq_PCounter/PCounter.vhd" into library work
Parsing VHDL file "C:/Users/utp.CRIE/Desktop/ProcesadorUno/arq_PCounter/tb_PCounter.vhd" into library work
Starting static elaboration
Completed static elaboration
Fuse Memory Usage: 121616 KB
Fuse CPU Usage: 217 ms
Compiling package standard
Compiling package std_logic_1164
Compiling architecture behavioral of entity PCounter [pcounter_default]
Compiling architecture behavior of entity tb_pcounter
Time Resolution for simulation is 1ps.
Waiting for 1 sub-compilation(s) to finish...
Compiled 5 VHDL Units
Built simulation executable C:/Users/utp.CRIE/Desktop/ProcesadorUno/arq_PCounter/tb_PCounter_isim_beh.exe
Fuse Memory Usage: 130560 KB
Fuse CPU Usage: 280 ms
