Running: C:\Xilinx\14.5\ISE_DS\ISE\bin\nt64\unwrapped\fuse.exe -intstyle ise -incremental -o E:/ProcesadorUno/arq_ALU/tb_ALU_isim_beh.exe -prj E:/ProcesadorUno/arq_ALU/tb_ALU_beh.prj work.tb_ALU 
ISim P.58f (signature 0x7708f090)
Number of CPUs detected in this system: 4
Turning on mult-threading, number of parallel sub-compilation jobs: 8 
Determining compilation order of HDL files
Parsing VHDL file "E:/ProcesadorUno/arq_ALU/ALU.vhd" into library work
Parsing VHDL file "E:/ProcesadorUno/arq_ALU/tb_ALU.vhd" into library work
Starting static elaboration
Completed static elaboration
Compiling package standard
Compiling package std_logic_1164
Compiling package std_logic_arith
Compiling package std_logic_unsigned
Compiling architecture behavioral of entity ALU [alu_default]
Compiling architecture behavior of entity tb_alu
Time Resolution for simulation is 1ps.
Compiled 7 VHDL Units
Built simulation executable E:/ProcesadorUno/arq_ALU/tb_ALU_isim_beh.exe
Fuse Memory Usage: 33112 KB
Fuse CPU Usage: 467 ms
