Command line:
   UControl_TB_isim_beh.exe
     -simmode  gui
     -simrunnum  0
     -socket  50134

Mon Apr 11 14:50:49 2016


 Elaboration Time: 0.0156 sec

 Current Memory Usage: 506.171 Meg

 Total Signals          : 6
 Total Nets             : 14
 Total Signal Drivers   : 3
 Total Blocks           : 3
 Total Primitive Blocks : 2
 Total Processes        : 2
 Total Traceable Variables  : 8
 Total Scalar Nets and Variables : 374
Total Line Count : 17

 Total Simulation Time: 0.0312 sec

 Current Memory Usage: 506.171 Meg

Mon Apr 11 14:50:54 2016

